[2.196s] Invoking command in '/home/jakob/ros2_o3/src/joint_state_publisher/joint_state_publisher': PYTHONPATH=/home/jakob/ros2_o3/build/joint_state_publisher/prefix_override:/home/jakob/ros2_o3/install/joint_state_publisher/lib/python3.10/site-packages:${PYTHONPATH} /usr/bin/python3 setup.py egg_info --egg-base ../../../build/joint_state_publisher build --build-base /home/jakob/ros2_o3/build/joint_state_publisher/build install --record /home/jakob/ros2_o3/build/joint_state_publisher/install.log --single-version-externally-managed
[2.929s] running egg_info
[2.929s] creating ../../../build/joint_state_publisher/joint_state_publisher.egg-info
[2.930s] writing ../../../build/joint_state_publisher/joint_state_publisher.egg-info/PKG-INFO
[2.930s] writing dependency_links to ../../../build/joint_state_publisher/joint_state_publisher.egg-info/dependency_links.txt
[2.930s] writing entry points to ../../../build/joint_state_publisher/joint_state_publisher.egg-info/entry_points.txt
[2.930s] writing requirements to ../../../build/joint_state_publisher/joint_state_publisher.egg-info/requires.txt
[2.930s] writing top-level names to ../../../build/joint_state_publisher/joint_state_publisher.egg-info/top_level.txt
[2.937s] writing manifest file '../../../build/joint_state_publisher/joint_state_publisher.egg-info/SOURCES.txt'
[2.939s] reading manifest file '../../../build/joint_state_publisher/joint_state_publisher.egg-info/SOURCES.txt'
[2.939s] adding license file 'LICENSE'
[2.940s] writing manifest file '../../../build/joint_state_publisher/joint_state_publisher.egg-info/SOURCES.txt'
[2.940s] running build
[2.940s] running build_py
[2.941s] creating /home/jakob/ros2_o3/build/joint_state_publisher/build
[2.941s] creating /home/jakob/ros2_o3/build/joint_state_publisher/build/lib
[2.941s] creating /home/jakob/ros2_o3/build/joint_state_publisher/build/lib/joint_state_publisher
[2.941s] copying joint_state_publisher/joint_state_publisher.py -> /home/jakob/ros2_o3/build/joint_state_publisher/build/lib/joint_state_publisher
[2.941s] copying joint_state_publisher/__init__.py -> /home/jakob/ros2_o3/build/joint_state_publisher/build/lib/joint_state_publisher
[2.941s] running install
[2.941s] running install_lib
[2.942s] creating /home/jakob/ros2_o3/install/joint_state_publisher/lib/python3.10/site-packages/joint_state_publisher
[2.946s] copying /home/jakob/ros2_o3/build/joint_state_publisher/build/lib/joint_state_publisher/joint_state_publisher.py -> /home/jakob/ros2_o3/install/joint_state_publisher/lib/python3.10/site-packages/joint_state_publisher
[2.946s] copying /home/jakob/ros2_o3/build/joint_state_publisher/build/lib/joint_state_publisher/__init__.py -> /home/jakob/ros2_o3/install/joint_state_publisher/lib/python3.10/site-packages/joint_state_publisher
[2.947s] byte-compiling /home/jakob/ros2_o3/install/joint_state_publisher/lib/python3.10/site-packages/joint_state_publisher/joint_state_publisher.py to joint_state_publisher.cpython-310.pyc
[2.949s] byte-compiling /home/jakob/ros2_o3/install/joint_state_publisher/lib/python3.10/site-packages/joint_state_publisher/__init__.py to __init__.cpython-310.pyc
[2.949s] running install_data
[2.951s] creating /home/jakob/ros2_o3/install/joint_state_publisher/share/ament_index
[2.951s] creating /home/jakob/ros2_o3/install/joint_state_publisher/share/ament_index/resource_index
[2.951s] creating /home/jakob/ros2_o3/install/joint_state_publisher/share/ament_index/resource_index/packages
[2.951s] copying resource/joint_state_publisher -> /home/jakob/ros2_o3/install/joint_state_publisher/share/ament_index/resource_index/packages
[2.951s] copying package.xml -> /home/jakob/ros2_o3/install/joint_state_publisher/share/joint_state_publisher
[2.951s] running install_egg_info
[2.958s] Copying ../../../build/joint_state_publisher/joint_state_publisher.egg-info to /home/jakob/ros2_o3/install/joint_state_publisher/lib/python3.10/site-packages/joint_state_publisher-2.3.0-py3.10.egg-info
[2.959s] running install_scripts
[3.012s] Installing joint_state_publisher script to /home/jakob/ros2_o3/install/joint_state_publisher/lib/joint_state_publisher
[3.012s] writing list of installed files to '/home/jakob/ros2_o3/build/joint_state_publisher/install.log'
[3.049s] Invoked command in '/home/jakob/ros2_o3/src/joint_state_publisher/joint_state_publisher' returned '0': PYTHONPATH=/home/jakob/ros2_o3/build/joint_state_publisher/prefix_override:/home/jakob/ros2_o3/install/joint_state_publisher/lib/python3.10/site-packages:${PYTHONPATH} /usr/bin/python3 setup.py egg_info --egg-base ../../../build/joint_state_publisher build --build-base /home/jakob/ros2_o3/build/joint_state_publisher/build install --record /home/jakob/ros2_o3/build/joint_state_publisher/install.log --single-version-externally-managed
