[3.559s] Invoking command in '/home/jakob/ros2_o3/src/joint_state_publisher/joint_state_publisher': PYTHONPATH=/home/jakob/ros2_o3/build/joint_state_publisher/prefix_override:/home/jakob/ros2_o3/install/joint_state_publisher/lib/python3.10/site-packages:${PYTHONPATH} /usr/bin/python3 setup.py egg_info --egg-base ../../../build/joint_state_publisher build --build-base /home/jakob/ros2_o3/build/joint_state_publisher/build install --record /home/jakob/ros2_o3/build/joint_state_publisher/install.log --single-version-externally-managed
[4.856s] running egg_info
[4.858s] writing ../../../build/joint_state_publisher/joint_state_publisher.egg-info/PKG-INFO
[4.858s] writing dependency_links to ../../../build/joint_state_publisher/joint_state_publisher.egg-info/dependency_links.txt
[4.858s] writing entry points to ../../../build/joint_state_publisher/joint_state_publisher.egg-info/entry_points.txt
[4.859s] writing requirements to ../../../build/joint_state_publisher/joint_state_publisher.egg-info/requires.txt
[4.859s] writing top-level names to ../../../build/joint_state_publisher/joint_state_publisher.egg-info/top_level.txt
[4.868s] reading manifest file '../../../build/joint_state_publisher/joint_state_publisher.egg-info/SOURCES.txt'
[4.869s] adding license file 'LICENSE'
[4.871s] writing manifest file '../../../build/joint_state_publisher/joint_state_publisher.egg-info/SOURCES.txt'
[4.871s] running build
[4.871s] running build_py
[4.872s] running install
[4.872s] running install_lib
[4.879s] running install_data
[4.880s] running install_egg_info
[4.888s] removing '/home/jakob/ros2_o3/install/joint_state_publisher/lib/python3.10/site-packages/joint_state_publisher-2.3.0-py3.10.egg-info' (and everything under it)
[4.888s] Copying ../../../build/joint_state_publisher/joint_state_publisher.egg-info to /home/jakob/ros2_o3/install/joint_state_publisher/lib/python3.10/site-packages/joint_state_publisher-2.3.0-py3.10.egg-info
[4.890s] running install_scripts
[4.982s] Installing joint_state_publisher script to /home/jakob/ros2_o3/install/joint_state_publisher/lib/joint_state_publisher
[4.982s] writing list of installed files to '/home/jakob/ros2_o3/build/joint_state_publisher/install.log'
[5.044s] Invoked command in '/home/jakob/ros2_o3/src/joint_state_publisher/joint_state_publisher' returned '0': PYTHONPATH=/home/jakob/ros2_o3/build/joint_state_publisher/prefix_override:/home/jakob/ros2_o3/install/joint_state_publisher/lib/python3.10/site-packages:${PYTHONPATH} /usr/bin/python3 setup.py egg_info --egg-base ../../../build/joint_state_publisher build --build-base /home/jakob/ros2_o3/build/joint_state_publisher/build install --record /home/jakob/ros2_o3/build/joint_state_publisher/install.log --single-version-externally-managed
