[ 50%] [32mBuilding CXX object CMakeFiles/ads_node.dir/src/ads_node.cpp.o[0m
[100%] [32m[1mLinking CXX executable ads_node[0m
[100%] Built target ads_node
-- Install configuration: ""
-- Up-to-date: /home/jakob/ros2_o3/install/ads_example_package/share/ads_example_package/images
-- Up-to-date: /home/jakob/ros2_o3/install/ads_example_package/share/ads_example_package/images/visual.png
-- Up-to-date: /home/jakob/ros2_o3/install/ads_example_package/share/ads_example_package/images/multipleshapes.png
-- Up-to-date: /home/jakob/ros2_o3/install/ads_example_package/share/ads_example_package/images/myfirst.png
-- Up-to-date: /home/jakob/ros2_o3/install/ads_example_package/share/ads_example_package/images/origins.png
-- Up-to-date: /home/jakob/ros2_o3/install/ads_example_package/share/ads_example_package/images/materials.png
-- Up-to-date: /home/jakob/ros2_o3/install/ads_example_package/share/ads_example_package/images/flexible.png
-- Up-to-date: /home/jakob/ros2_o3/install/ads_example_package/share/ads_example_package/launch
-- Installing: /home/jakob/ros2_o3/install/ads_example_package/share/ads_example_package/launch/display.launch.py
-- Up-to-date: /home/jakob/ros2_o3/install/ads_example_package/share/ads_example_package/meshes
-- Up-to-date: /home/jakob/ros2_o3/install/ads_example_package/share/ads_example_package/meshes/frame_URDF.STL
-- Up-to-date: /home/jakob/ros2_o3/install/ads_example_package/share/ads_example_package/meshes/l_finger_tip.dae
-- Up-to-date: /home/jakob/ros2_o3/install/ads_example_package/share/ads_example_package/meshes/boom_URDF.STL
-- Up-to-date: /home/jakob/ros2_o3/install/ads_example_package/share/ads_example_package/meshes/l_finger_tip_color.png
-- Up-to-date: /home/jakob/ros2_o3/install/ads_example_package/share/ads_example_package/meshes/l_finger.dae
-- Up-to-date: /home/jakob/ros2_o3/install/ads_example_package/share/ads_example_package/meshes/l_finger_color.png
-- Up-to-date: /home/jakob/ros2_o3/install/ads_example_package/share/ads_example_package/rviz
-- Up-to-date: /home/jakob/ros2_o3/install/ads_example_package/share/ads_example_package/rviz/urdf.rviz
-- Up-to-date: /home/jakob/ros2_o3/install/ads_example_package/share/ads_example_package/urdf
-- Up-to-date: /home/jakob/ros2_o3/install/ads_example_package/share/ads_example_package/urdf/02-multipleshapes.urdf
-- Up-to-date: /home/jakob/ros2_o3/install/ads_example_package/share/ads_example_package/urdf/01-myfirst.urdf
-- Up-to-date: /home/jakob/ros2_o3/install/ads_example_package/share/ads_example_package/urdf/green_crane.urdf
-- Up-to-date: /home/jakob/ros2_o3/install/ads_example_package/share/ads_example_package/urdf/03-origins.urdf
-- Up-to-date: /home/jakob/ros2_o3/install/ads_example_package/share/ads_example_package/urdf/04-materials.urdf
-- Up-to-date: /home/jakob/ros2_o3/install/ads_example_package/share/ads_example_package/urdf/05-visual.urdf
-- Up-to-date: /home/jakob/ros2_o3/install/ads_example_package/share/ads_example_package/urdf/07-physics.urdf
-- Up-to-date: /home/jakob/ros2_o3/install/ads_example_package/share/ads_example_package/urdf/06-flexible.urdf
-- Up-to-date: /home/jakob/ros2_o3/install/ads_example_package/share/ads_example_package/urdf/simple_green_crane.urdf
-- Up-to-date: /home/jakob/ros2_o3/install/ads_example_package/share/ads_example_package/urdf/08-macroed.urdf.xacro
-- Installing: /home/jakob/ros2_o3/install/ads_example_package/lib/ads_example_package/ads_node
-- Set runtime path of "/home/jakob/ros2_o3/install/ads_example_package/lib/ads_example_package/ads_node" to ""
-- Installing: /home/jakob/ros2_o3/install/ads_example_package/lib/ads_example_package/crane_controller.py
-- Up-to-date: /home/jakob/ros2_o3/install/ads_example_package/share/ament_index/resource_index/package_run_dependencies/ads_example_package
-- Up-to-date: /home/jakob/ros2_o3/install/ads_example_package/share/ament_index/resource_index/parent_prefix_path/ads_example_package
-- Up-to-date: /home/jakob/ros2_o3/install/ads_example_package/share/ads_example_package/environment/ament_prefix_path.dsv
-- Up-to-date: /home/jakob/ros2_o3/install/ads_example_package/share/ads_example_package/environment/path.dsv
-- Up-to-date: /home/jakob/ros2_o3/install/ads_example_package/share/ads_example_package/local_setup.bash
-- Up-to-date: /home/jakob/ros2_o3/install/ads_example_package/share/ads_example_package/local_setup.sh
-- Up-to-date: /home/jakob/ros2_o3/install/ads_example_package/share/ads_example_package/local_setup.zsh
-- Up-to-date: /home/jakob/ros2_o3/install/ads_example_package/share/ads_example_package/local_setup.dsv
-- Installing: /home/jakob/ros2_o3/install/ads_example_package/share/ads_example_package/package.dsv
-- Up-to-date: /home/jakob/ros2_o3/install/ads_example_package/share/ament_index/resource_index/packages/ads_example_package
-- Up-to-date: /home/jakob/ros2_o3/install/ads_example_package/share/ads_example_package/cmake/ads_example_packageConfig.cmake
-- Up-to-date: /home/jakob/ros2_o3/install/ads_example_package/share/ads_example_package/cmake/ads_example_packageConfig-version.cmake
-- Up-to-date: /home/jakob/ros2_o3/install/ads_example_package/share/ads_example_package/package.xml
