[4.009s] Invoking command in '/home/jakob/ros2_o3/src/joint_state_publisher/joint_state_publisher': PYTHONPATH=/home/jakob/ros2_o3/build/joint_state_publisher/prefix_override:/home/jakob/ros2_o3/install/joint_state_publisher/lib/python3.10/site-packages:${PYTHONPATH} /usr/bin/python3 setup.py egg_info --egg-base ../../../build/joint_state_publisher build --build-base /home/jakob/ros2_o3/build/joint_state_publisher/build install --record /home/jakob/ros2_o3/build/joint_state_publisher/install.log --single-version-externally-managed
[5.288s] running egg_info
[5.290s] writing ../../../build/joint_state_publisher/joint_state_publisher.egg-info/PKG-INFO
[5.291s] writing dependency_links to ../../../build/joint_state_publisher/joint_state_publisher.egg-info/dependency_links.txt
[5.291s] writing entry points to ../../../build/joint_state_publisher/joint_state_publisher.egg-info/entry_points.txt
[5.292s] writing requirements to ../../../build/joint_state_publisher/joint_state_publisher.egg-info/requires.txt
[5.292s] writing top-level names to ../../../build/joint_state_publisher/joint_state_publisher.egg-info/top_level.txt
[5.304s] reading manifest file '../../../build/joint_state_publisher/joint_state_publisher.egg-info/SOURCES.txt'
[5.305s] adding license file 'LICENSE'
[5.307s] writing manifest file '../../../build/joint_state_publisher/joint_state_publisher.egg-info/SOURCES.txt'
[5.307s] running build
[5.307s] running build_py
[5.308s] running install
[5.309s] running install_lib
[5.315s] running install_data
[5.316s] running install_egg_info
[5.324s] removing '/home/jakob/ros2_o3/install/joint_state_publisher/lib/python3.10/site-packages/joint_state_publisher-2.3.0-py3.10.egg-info' (and everything under it)
[5.325s] Copying ../../../build/joint_state_publisher/joint_state_publisher.egg-info to /home/jakob/ros2_o3/install/joint_state_publisher/lib/python3.10/site-packages/joint_state_publisher-2.3.0-py3.10.egg-info
[5.326s] running install_scripts
[5.423s] Installing joint_state_publisher script to /home/jakob/ros2_o3/install/joint_state_publisher/lib/joint_state_publisher
[5.424s] writing list of installed files to '/home/jakob/ros2_o3/build/joint_state_publisher/install.log'
[5.485s] Invoked command in '/home/jakob/ros2_o3/src/joint_state_publisher/joint_state_publisher' returned '0': PYTHONPATH=/home/jakob/ros2_o3/build/joint_state_publisher/prefix_override:/home/jakob/ros2_o3/install/joint_state_publisher/lib/python3.10/site-packages:${PYTHONPATH} /usr/bin/python3 setup.py egg_info --egg-base ../../../build/joint_state_publisher build --build-base /home/jakob/ros2_o3/build/joint_state_publisher/build install --record /home/jakob/ros2_o3/build/joint_state_publisher/install.log --single-version-externally-managed
