[3.612s] Invoking command in '/home/jakob/ros2_o3/src/joint_state_publisher/joint_state_publisher': PYTHONPATH=/home/jakob/ros2_o3/build/joint_state_publisher/prefix_override:/home/jakob/ros2_o3/install/joint_state_publisher/lib/python3.10/site-packages:${PYTHONPATH} /usr/bin/python3 setup.py egg_info --egg-base ../../../build/joint_state_publisher build --build-base /home/jakob/ros2_o3/build/joint_state_publisher/build install --record /home/jakob/ros2_o3/build/joint_state_publisher/install.log --single-version-externally-managed
[4.702s] running egg_info
[4.703s] writing ../../../build/joint_state_publisher/joint_state_publisher.egg-info/PKG-INFO
[4.704s] writing dependency_links to ../../../build/joint_state_publisher/joint_state_publisher.egg-info/dependency_links.txt
[4.704s] writing entry points to ../../../build/joint_state_publisher/joint_state_publisher.egg-info/entry_points.txt
[4.704s] writing requirements to ../../../build/joint_state_publisher/joint_state_publisher.egg-info/requires.txt
[4.704s] writing top-level names to ../../../build/joint_state_publisher/joint_state_publisher.egg-info/top_level.txt
[4.711s] reading manifest file '../../../build/joint_state_publisher/joint_state_publisher.egg-info/SOURCES.txt'
[4.711s] adding license file 'LICENSE'
[4.712s] writing manifest file '../../../build/joint_state_publisher/joint_state_publisher.egg-info/SOURCES.txt'
[4.712s] running build
[4.712s] running build_py
[4.713s] running install
[4.713s] running install_lib
[4.718s] running install_data
[4.719s] running install_egg_info
[4.724s] removing '/home/jakob/ros2_o3/install/joint_state_publisher/lib/python3.10/site-packages/joint_state_publisher-2.3.0-py3.10.egg-info' (and everything under it)
[4.724s] Copying ../../../build/joint_state_publisher/joint_state_publisher.egg-info to /home/jakob/ros2_o3/install/joint_state_publisher/lib/python3.10/site-packages/joint_state_publisher-2.3.0-py3.10.egg-info
[4.725s] running install_scripts
[4.794s] Installing joint_state_publisher script to /home/jakob/ros2_o3/install/joint_state_publisher/lib/joint_state_publisher
[4.794s] writing list of installed files to '/home/jakob/ros2_o3/build/joint_state_publisher/install.log'
[4.837s] Invoked command in '/home/jakob/ros2_o3/src/joint_state_publisher/joint_state_publisher' returned '0': PYTHONPATH=/home/jakob/ros2_o3/build/joint_state_publisher/prefix_override:/home/jakob/ros2_o3/install/joint_state_publisher/lib/python3.10/site-packages:${PYTHONPATH} /usr/bin/python3 setup.py egg_info --egg-base ../../../build/joint_state_publisher build --build-base /home/jakob/ros2_o3/build/joint_state_publisher/build install --record /home/jakob/ros2_o3/build/joint_state_publisher/install.log --single-version-externally-managed
