-- The C compiler identification is GNU 11.3.0
-- The CXX compiler identification is GNU 11.3.0
-- Detecting C compiler ABI info
-- Detecting C compiler ABI info - done
-- Check for working C compiler: /usr/bin/cc - skipped
-- Detecting C compile features
-- Detecting C compile features - done
-- Detecting CXX compiler ABI info
-- Detecting CXX compiler ABI info - done
-- Check for working CXX compiler: /usr/bin/c++ - skipped
-- Detecting CXX compile features
-- Detecting CXX compile features - done
-- Found ament_cmake: 1.3.3 (/home/jakob/ros2_humble/install/ament_cmake/share/ament_cmake/cmake)
-- Found Python3: /usr/bin/python3.10 (found version "3.10.6") found components: Interpreter 
-- Found rclcpp: 16.0.3 (/home/jakob/ros2_humble/install/rclcpp/share/rclcpp/cmake)
-- Found rosidl_generator_c: 3.1.4 (/home/jakob/ros2_humble/install/rosidl_generator_c/share/rosidl_generator_c/cmake)
-- Found rosidl_adapter: 3.1.4 (/home/jakob/ros2_humble/install/rosidl_adapter/share/rosidl_adapter/cmake)
-- Found rosidl_generator_cpp: 3.1.4 (/home/jakob/ros2_humble/install/rosidl_generator_cpp/share/rosidl_generator_cpp/cmake)
-- Using all available rosidl_typesupport_c: rosidl_typesupport_introspection_c;rosidl_typesupport_fastrtps_c
-- Using all available rosidl_typesupport_cpp: rosidl_typesupport_introspection_cpp;rosidl_typesupport_fastrtps_cpp
-- Found rmw_implementation_cmake: 6.1.1 (/home/jakob/ros2_humble/install/rmw_implementation_cmake/share/rmw_implementation_cmake/cmake)
-- Found rmw_fastrtps_cpp: 6.2.2 (/home/jakob/ros2_humble/install/rmw_fastrtps_cpp/share/rmw_fastrtps_cpp/cmake)
-- Found OpenSSL: /usr/lib/x86_64-linux-gnu/libcrypto.so (found version "3.0.2")  
-- Found FastRTPS: /home/jakob/ros2_humble/install/fastrtps/include  
-- Using RMW implementation 'rmw_fastrtps_cpp' as default
-- Looking for pthread.h
-- Looking for pthread.h - found
-- Performing Test CMAKE_HAVE_LIBC_PTHREAD
-- Performing Test CMAKE_HAVE_LIBC_PTHREAD - Success
-- Found Threads: TRUE  
-- Found rclpy: 3.3.7 (/home/jakob/ros2_humble/install/rclpy/share/rclpy/cmake)
-- Found sensor_msgs: 4.2.3 (/home/jakob/ros2_humble/install/sensor_msgs/share/sensor_msgs/cmake)
-- Found ament_lint_auto: 0.12.5 (/home/jakob/ros2_humble/install/ament_lint_auto/share/ament_lint_auto/cmake)
-- Added test 'copyright' to check source files copyright and LICENSE
-- Added test 'cppcheck' to perform static code analysis on C / C++ code
-- Configured cppcheck include dirs: $<BUILD_INTERFACE:/home/jakob/ros2_o3/src/ads_example_package/include>;/home/jakob/ros2_o3/src/ads_example_package/../ADS/AdsLib
-- Configured cppcheck exclude dirs and/or files: 
-- Added test 'cpplint' to check C / C++ code against the Google style
-- Configured cpplint exclude dirs and/or files: 
-- Added test 'flake8' to check Python code syntax and style conventions
-- Added test 'lint_cmake' to check CMake code style
-- Added test 'pep257' to check Python code against some of the docstring style conventions in PEP 257
-- Added test 'uncrustify' to check C / C++ code style
-- Configured uncrustify additional arguments: 
-- Added test 'xmllint' to check XML markup files
-- Configuring done
-- Generating done
-- Build files have been written to: /home/jakob/ros2_o3/build/ads_example_package
[ 50%] [32mBuilding CXX object CMakeFiles/ads_node.dir/src/ads_node.cpp.o[0m
[100%] [32m[1mLinking CXX executable ads_node[0m
[100%] Built target ads_node
-- Install configuration: ""
-- Installing: /home/jakob/ros2_o3/install/ads_example_package/share/ads_example_package/images
-- Installing: /home/jakob/ros2_o3/install/ads_example_package/share/ads_example_package/images/visual.png
-- Installing: /home/jakob/ros2_o3/install/ads_example_package/share/ads_example_package/images/multipleshapes.png
-- Installing: /home/jakob/ros2_o3/install/ads_example_package/share/ads_example_package/images/myfirst.png
-- Installing: /home/jakob/ros2_o3/install/ads_example_package/share/ads_example_package/images/origins.png
-- Installing: /home/jakob/ros2_o3/install/ads_example_package/share/ads_example_package/images/materials.png
-- Installing: /home/jakob/ros2_o3/install/ads_example_package/share/ads_example_package/images/flexible.png
-- Installing: /home/jakob/ros2_o3/install/ads_example_package/share/ads_example_package/launch
-- Installing: /home/jakob/ros2_o3/install/ads_example_package/share/ads_example_package/launch/display.launch.py
-- Installing: /home/jakob/ros2_o3/install/ads_example_package/share/ads_example_package/meshes
-- Installing: /home/jakob/ros2_o3/install/ads_example_package/share/ads_example_package/meshes/frame_URDF.STL
-- Installing: /home/jakob/ros2_o3/install/ads_example_package/share/ads_example_package/meshes/l_finger_tip.dae
-- Installing: /home/jakob/ros2_o3/install/ads_example_package/share/ads_example_package/meshes/boom_URDF.STL
-- Installing: /home/jakob/ros2_o3/install/ads_example_package/share/ads_example_package/meshes/l_finger_tip_color.png
-- Installing: /home/jakob/ros2_o3/install/ads_example_package/share/ads_example_package/meshes/l_finger.dae
-- Installing: /home/jakob/ros2_o3/install/ads_example_package/share/ads_example_package/meshes/l_finger_color.png
-- Installing: /home/jakob/ros2_o3/install/ads_example_package/share/ads_example_package/rviz
-- Installing: /home/jakob/ros2_o3/install/ads_example_package/share/ads_example_package/rviz/urdf.rviz
-- Installing: /home/jakob/ros2_o3/install/ads_example_package/share/ads_example_package/urdf
-- Installing: /home/jakob/ros2_o3/install/ads_example_package/share/ads_example_package/urdf/02-multipleshapes.urdf
-- Installing: /home/jakob/ros2_o3/install/ads_example_package/share/ads_example_package/urdf/01-myfirst.urdf
-- Installing: /home/jakob/ros2_o3/install/ads_example_package/share/ads_example_package/urdf/green_crane.urdf
-- Installing: /home/jakob/ros2_o3/install/ads_example_package/share/ads_example_package/urdf/03-origins.urdf
-- Installing: /home/jakob/ros2_o3/install/ads_example_package/share/ads_example_package/urdf/04-materials.urdf
-- Installing: /home/jakob/ros2_o3/install/ads_example_package/share/ads_example_package/urdf/05-visual.urdf
-- Installing: /home/jakob/ros2_o3/install/ads_example_package/share/ads_example_package/urdf/07-physics.urdf
-- Installing: /home/jakob/ros2_o3/install/ads_example_package/share/ads_example_package/urdf/06-flexible.urdf
-- Installing: /home/jakob/ros2_o3/install/ads_example_package/share/ads_example_package/urdf/simple_green_crane.urdf
-- Installing: /home/jakob/ros2_o3/install/ads_example_package/share/ads_example_package/urdf/08-macroed.urdf.xacro
-- Installing: /home/jakob/ros2_o3/install/ads_example_package/lib/ads_example_package/ads_node
-- Set runtime path of "/home/jakob/ros2_o3/install/ads_example_package/lib/ads_example_package/ads_node" to ""
