[2.994s] Invoking command in '/home/jakob/ros2_o3/src/joint_state_publisher/joint_state_publisher_gui': AMENT_PREFIX_PATH=/home/jakob/ros2_o3/install/joint_state_publisher:${AMENT_PREFIX_PATH} PYTHONPATH=/home/jakob/ros2_o3/build/joint_state_publisher_gui/prefix_override:/home/jakob/ros2_o3/install/joint_state_publisher_gui/lib/python3.10/site-packages:/home/jakob/ros2_o3/install/joint_state_publisher/lib/python3.10/site-packages:${PYTHONPATH} /usr/bin/python3 setup.py egg_info --egg-base ../../../build/joint_state_publisher_gui build --build-base /home/jakob/ros2_o3/build/joint_state_publisher_gui/build install --record /home/jakob/ros2_o3/build/joint_state_publisher_gui/install.log --single-version-externally-managed
[3.805s] running egg_info
[3.807s] writing ../../../build/joint_state_publisher_gui/joint_state_publisher_gui.egg-info/PKG-INFO
[3.807s] writing dependency_links to ../../../build/joint_state_publisher_gui/joint_state_publisher_gui.egg-info/dependency_links.txt
[3.808s] writing entry points to ../../../build/joint_state_publisher_gui/joint_state_publisher_gui.egg-info/entry_points.txt
[3.808s] writing requirements to ../../../build/joint_state_publisher_gui/joint_state_publisher_gui.egg-info/requires.txt
[3.808s] writing top-level names to ../../../build/joint_state_publisher_gui/joint_state_publisher_gui.egg-info/top_level.txt
[3.816s] reading manifest file '../../../build/joint_state_publisher_gui/joint_state_publisher_gui.egg-info/SOURCES.txt'
[3.816s] adding license file 'LICENSE'
[3.817s] writing manifest file '../../../build/joint_state_publisher_gui/joint_state_publisher_gui.egg-info/SOURCES.txt'
[3.817s] running build
[3.817s] running build_py
[3.818s] running install
[3.818s] running install_lib
[3.822s] running install_data
[3.823s] running install_egg_info
[3.827s] removing '/home/jakob/ros2_o3/install/joint_state_publisher_gui/lib/python3.10/site-packages/joint_state_publisher_gui-2.3.0-py3.10.egg-info' (and everything under it)
[3.828s] Copying ../../../build/joint_state_publisher_gui/joint_state_publisher_gui.egg-info to /home/jakob/ros2_o3/install/joint_state_publisher_gui/lib/python3.10/site-packages/joint_state_publisher_gui-2.3.0-py3.10.egg-info
[3.828s] running install_scripts
[3.880s] Installing joint_state_publisher_gui script to /home/jakob/ros2_o3/install/joint_state_publisher_gui/lib/joint_state_publisher_gui
[3.880s] writing list of installed files to '/home/jakob/ros2_o3/build/joint_state_publisher_gui/install.log'
[3.938s] Invoked command in '/home/jakob/ros2_o3/src/joint_state_publisher/joint_state_publisher_gui' returned '0': AMENT_PREFIX_PATH=/home/jakob/ros2_o3/install/joint_state_publisher:${AMENT_PREFIX_PATH} PYTHONPATH=/home/jakob/ros2_o3/build/joint_state_publisher_gui/prefix_override:/home/jakob/ros2_o3/install/joint_state_publisher_gui/lib/python3.10/site-packages:/home/jakob/ros2_o3/install/joint_state_publisher/lib/python3.10/site-packages:${PYTHONPATH} /usr/bin/python3 setup.py egg_info --egg-base ../../../build/joint_state_publisher_gui build --build-base /home/jakob/ros2_o3/build/joint_state_publisher_gui/build install --record /home/jakob/ros2_o3/build/joint_state_publisher_gui/install.log --single-version-externally-managed
