[0.817s] Invoking command in '/home/jakob/ros2_o3/build/ads': /usr/bin/cmake /home/jakob/ros2_o3/src/ADS -DCMAKE_INSTALL_PREFIX=/home/jakob/ros2_o3/install/ads
[0.900s] -- The C compiler identification is GNU 11.3.0
[0.971s] -- The CXX compiler identification is GNU 11.3.0
[0.988s] -- Detecting C compiler ABI info
[1.267s] -- Detecting C compiler ABI info - done
[1.290s] -- Check for working C compiler: /usr/bin/cc - skipped
[1.291s] -- Detecting C compile features
[1.292s] -- Detecting C compile features - done
[1.302s] -- Detecting CXX compiler ABI info
[1.590s] -- Detecting CXX compiler ABI info - done
[1.614s] -- Check for working CXX compiler: /usr/bin/c++ - skipped
[1.615s] -- Detecting CXX compile features
[1.615s] -- Detecting CXX compile features - done
[1.625s] -- Looking for pthread.h
[1.927s] -- Looking for pthread.h - found
[1.927s] -- Performing Test CMAKE_HAVE_LIBC_PTHREAD
[2.052s] -- Performing Test CMAKE_HAVE_LIBC_PTHREAD - Success
[2.053s] -- Found Threads: TRUE  
[2.055s] -- Configuring done
[2.064s] -- Generating done
[2.065s] -- Build files have been written to: /home/jakob/ros2_o3/build/ads
[2.083s] Invoked command in '/home/jakob/ros2_o3/build/ads' returned '0': /usr/bin/cmake /home/jakob/ros2_o3/src/ADS -DCMAKE_INSTALL_PREFIX=/home/jakob/ros2_o3/install/ads
[2.083s] Invoking command in '/home/jakob/ros2_o3/build/ads': /usr/bin/cmake --build /home/jakob/ros2_o3/build/ads -- -j3 -l3
[2.169s] [  4%] [32mBuilding CXX object AdsLib/CMakeFiles/ads.dir/AdsDef.cpp.o[0m
[2.179s] [  9%] [32mBuilding CXX object AdsLib/CMakeFiles/ads.dir/AdsDevice.cpp.o[0m
[2.203s] [ 14%] [32mBuilding CXX object AdsLib/CMakeFiles/ads.dir/AdsFile.cpp.o[0m
[2.637s] [ 19%] [32mBuilding CXX object AdsLib/CMakeFiles/ads.dir/AdsLib.cpp.o[0m
[2.653s] [ 23%] [32mBuilding CXX object AdsLib/CMakeFiles/ads.dir/Frame.cpp.o[0m
[3.037s] [ 28%] [32mBuilding CXX object AdsLib/CMakeFiles/ads.dir/Log.cpp.o[0m
[3.037s] [ 33%] [32mBuilding CXX object AdsLib/CMakeFiles/ads.dir/LicenseAccess.cpp.o[0m
[3.106s] [ 38%] [32mBuilding CXX object AdsLib/CMakeFiles/ads.dir/RouterAccess.cpp.o[0m
[3.391s] [ 42%] [32mBuilding CXX object AdsLib/CMakeFiles/ads.dir/RTimeAccess.cpp.o[0m
[3.497s] [ 47%] [32mBuilding CXX object AdsLib/CMakeFiles/ads.dir/Sockets.cpp.o[0m
[3.732s] [ 52%] [32mBuilding CXX object AdsLib/CMakeFiles/ads.dir/standalone/AdsLib.cpp.o[0m
[3.811s] [ 57%] [32mBuilding CXX object AdsLib/CMakeFiles/ads.dir/standalone/AmsConnection.cpp.o[0m
[4.020s] [ 61%] [32mBuilding CXX object AdsLib/CMakeFiles/ads.dir/standalone/AmsNetId.cpp.o[0m
[4.355s] [ 66%] [32mBuilding CXX object AdsLib/CMakeFiles/ads.dir/standalone/AmsPort.cpp.o[0m
[4.580s] [ 71%] [32mBuilding CXX object AdsLib/CMakeFiles/ads.dir/standalone/AmsRouter.cpp.o[0m
[4.789s] [ 76%] [32mBuilding CXX object AdsLib/CMakeFiles/ads.dir/standalone/NotificationDispatcher.cpp.o[0m
[5.615s] [ 80%] [32m[1mLinking CXX shared library libads.so[0m
[5.774s] [ 80%] Built target ads
[5.835s] [ 85%] [32mBuilding CXX object example/CMakeFiles/example.bin.dir/example.cpp.o[0m
[5.847s] [ 90%] [32mBuilding CXX object AdsLibTest/CMakeFiles/AdsLibTest.bin.dir/main.cpp.o[0m
[6.326s] [ 95%] [32m[1mLinking CXX executable example.bin[0m
[6.642s] [ 95%] Built target example.bin
[7.496s] [100%] [32m[1mLinking CXX executable AdsLibTest.bin[0m
[7.666s] [100%] Built target AdsLibTest.bin
[7.681s] Invoked command in '/home/jakob/ros2_o3/build/ads' returned '0': /usr/bin/cmake --build /home/jakob/ros2_o3/build/ads -- -j3 -l3
