Built target ament_cmake_python_copy_xacro
Built target ament_cmake_python_copy_xacro_setup
running install_scripts
running egg_info
writing xacro.egg-info/PKG-INFO
writing dependency_links to xacro.egg-info/dependency_links.txt
writing entry points to xacro.egg-info/entry_points.txt
writing top-level names to xacro.egg-info/top_level.txt
reading manifest file 'xacro.egg-info/SOURCES.txt'
writing manifest file 'xacro.egg-info/SOURCES.txt'
running egg_info
writing xacro.egg-info/PKG-INFO
writing dependency_links to xacro.egg-info/dependency_links.txt
writing entry points to xacro.egg-info/entry_points.txt
writing top-level names to xacro.egg-info/top_level.txt
reading manifest file 'xacro.egg-info/SOURCES.txt'
Built target ament_cmake_python_build_xacro_egg
writing manifest file 'xacro.egg-info/SOURCES.txt'
Installing xacro script to scripts
Built target ament_cmake_python_build_xacro_scripts
-- Install configuration: ""
-- Up-to-date: /home/jakob/ros2_o3/install/xacro/share/xacro/environment/completion.bash
-- Up-to-date: /home/jakob/ros2_o3/install/xacro/share/xacro/environment/pythonpath.sh
-- Up-to-date: /home/jakob/ros2_o3/install/xacro/share/xacro/environment/pythonpath.dsv
-- Up-to-date: /home/jakob/ros2_o3/install/xacro/local/lib/python3.10/dist-packages/xacro-2.0.9-py3.10.egg-info
-- Installing: /home/jakob/ros2_o3/install/xacro/local/lib/python3.10/dist-packages/xacro-2.0.9-py3.10.egg-info/top_level.txt
-- Installing: /home/jakob/ros2_o3/install/xacro/local/lib/python3.10/dist-packages/xacro-2.0.9-py3.10.egg-info/dependency_links.txt
-- Installing: /home/jakob/ros2_o3/install/xacro/local/lib/python3.10/dist-packages/xacro-2.0.9-py3.10.egg-info/PKG-INFO
-- Installing: /home/jakob/ros2_o3/install/xacro/local/lib/python3.10/dist-packages/xacro-2.0.9-py3.10.egg-info/SOURCES.txt
-- Installing: /home/jakob/ros2_o3/install/xacro/local/lib/python3.10/dist-packages/xacro-2.0.9-py3.10.egg-info/entry_points.txt
-- Up-to-date: /home/jakob/ros2_o3/install/xacro/lib/xacro/
-- Installing: /home/jakob/ros2_o3/install/xacro/lib/xacro//xacro
-- Up-to-date: /home/jakob/ros2_o3/install/xacro/local/lib/python3.10/dist-packages/xacro
-- Up-to-date: /home/jakob/ros2_o3/install/xacro/local/lib/python3.10/dist-packages/xacro/substitution_args.py
-- Up-to-date: /home/jakob/ros2_o3/install/xacro/local/lib/python3.10/dist-packages/xacro/color.py
-- Up-to-date: /home/jakob/ros2_o3/install/xacro/local/lib/python3.10/dist-packages/xacro/xmlutils.py
-- Up-to-date: /home/jakob/ros2_o3/install/xacro/local/lib/python3.10/dist-packages/xacro/cli.py
-- Up-to-date: /home/jakob/ros2_o3/install/xacro/local/lib/python3.10/dist-packages/xacro/__init__.py
Listing '/home/jakob/ros2_o3/install/xacro/local/lib/python3.10/dist-packages/xacro'...
-- Up-to-date: /home/jakob/ros2_o3/install/xacro/bin/
-- Installing: /home/jakob/ros2_o3/install/xacro/bin//xacro
-- Up-to-date: /home/jakob/ros2_o3/install/xacro/share/ament_index/resource_index/package_run_dependencies/xacro
-- Up-to-date: /home/jakob/ros2_o3/install/xacro/share/ament_index/resource_index/parent_prefix_path/xacro
-- Up-to-date: /home/jakob/ros2_o3/install/xacro/share/xacro/environment/ament_prefix_path.dsv
-- Up-to-date: /home/jakob/ros2_o3/install/xacro/share/xacro/environment/path.dsv
-- Up-to-date: /home/jakob/ros2_o3/install/xacro/share/xacro/local_setup.bash
-- Up-to-date: /home/jakob/ros2_o3/install/xacro/share/xacro/local_setup.sh
-- Up-to-date: /home/jakob/ros2_o3/install/xacro/share/xacro/local_setup.zsh
-- Up-to-date: /home/jakob/ros2_o3/install/xacro/share/xacro/local_setup.dsv
-- Installing: /home/jakob/ros2_o3/install/xacro/share/xacro/package.dsv
-- Up-to-date: /home/jakob/ros2_o3/install/xacro/share/ament_index/resource_index/packages/xacro
-- Up-to-date: /home/jakob/ros2_o3/install/xacro/share/xacro/cmake/xacro-extras.cmake
-- Up-to-date: /home/jakob/ros2_o3/install/xacro/share/xacro/cmake/xacroConfig.cmake
-- Up-to-date: /home/jakob/ros2_o3/install/xacro/share/xacro/cmake/xacroConfig-version.cmake
-- Up-to-date: /home/jakob/ros2_o3/install/xacro/share/xacro/package.xml
