[3.113s] Invoking command in '/home/jakob/ros2_o3/src/joint_state_publisher/joint_state_publisher_gui': AMENT_PREFIX_PATH=/home/jakob/ros2_o3/install/joint_state_publisher:${AMENT_PREFIX_PATH} PYTHONPATH=/home/jakob/ros2_o3/build/joint_state_publisher_gui/prefix_override:/home/jakob/ros2_o3/install/joint_state_publisher_gui/lib/python3.10/site-packages:/home/jakob/ros2_o3/install/joint_state_publisher/lib/python3.10/site-packages:${PYTHONPATH} /usr/bin/python3 setup.py egg_info --egg-base ../../../build/joint_state_publisher_gui build --build-base /home/jakob/ros2_o3/build/joint_state_publisher_gui/build install --record /home/jakob/ros2_o3/build/joint_state_publisher_gui/install.log --single-version-externally-managed
[4.041s] running egg_info
[4.042s] writing ../../../build/joint_state_publisher_gui/joint_state_publisher_gui.egg-info/PKG-INFO
[4.049s] writing dependency_links to ../../../build/joint_state_publisher_gui/joint_state_publisher_gui.egg-info/dependency_links.txt
[4.050s] writing entry points to ../../../build/joint_state_publisher_gui/joint_state_publisher_gui.egg-info/entry_points.txt
[4.050s] writing requirements to ../../../build/joint_state_publisher_gui/joint_state_publisher_gui.egg-info/requires.txt
[4.050s] writing top-level names to ../../../build/joint_state_publisher_gui/joint_state_publisher_gui.egg-info/top_level.txt
[4.059s] reading manifest file '../../../build/joint_state_publisher_gui/joint_state_publisher_gui.egg-info/SOURCES.txt'
[4.060s] adding license file 'LICENSE'
[4.061s] writing manifest file '../../../build/joint_state_publisher_gui/joint_state_publisher_gui.egg-info/SOURCES.txt'
[4.061s] running build
[4.061s] running build_py
[4.063s] running install
[4.064s] running install_lib
[4.074s] running install_data
[4.076s] running install_egg_info
[4.083s] removing '/home/jakob/ros2_o3/install/joint_state_publisher_gui/lib/python3.10/site-packages/joint_state_publisher_gui-2.3.0-py3.10.egg-info' (and everything under it)
[4.083s] Copying ../../../build/joint_state_publisher_gui/joint_state_publisher_gui.egg-info to /home/jakob/ros2_o3/install/joint_state_publisher_gui/lib/python3.10/site-packages/joint_state_publisher_gui-2.3.0-py3.10.egg-info
[4.084s] running install_scripts
[4.150s] Installing joint_state_publisher_gui script to /home/jakob/ros2_o3/install/joint_state_publisher_gui/lib/joint_state_publisher_gui
[4.151s] writing list of installed files to '/home/jakob/ros2_o3/build/joint_state_publisher_gui/install.log'
[4.208s] Invoked command in '/home/jakob/ros2_o3/src/joint_state_publisher/joint_state_publisher_gui' returned '0': AMENT_PREFIX_PATH=/home/jakob/ros2_o3/install/joint_state_publisher:${AMENT_PREFIX_PATH} PYTHONPATH=/home/jakob/ros2_o3/build/joint_state_publisher_gui/prefix_override:/home/jakob/ros2_o3/install/joint_state_publisher_gui/lib/python3.10/site-packages:/home/jakob/ros2_o3/install/joint_state_publisher/lib/python3.10/site-packages:${PYTHONPATH} /usr/bin/python3 setup.py egg_info --egg-base ../../../build/joint_state_publisher_gui build --build-base /home/jakob/ros2_o3/build/joint_state_publisher_gui/build install --record /home/jakob/ros2_o3/build/joint_state_publisher_gui/install.log --single-version-externally-managed
