[3.712s] Invoking command in '/home/jakob/ros2_o3/src/joint_state_publisher/joint_state_publisher': PYTHONPATH=/home/jakob/ros2_o3/build/joint_state_publisher/prefix_override:/home/jakob/ros2_o3/install/joint_state_publisher/lib/python3.10/site-packages:${PYTHONPATH} /usr/bin/python3 setup.py egg_info --egg-base ../../../build/joint_state_publisher build --build-base /home/jakob/ros2_o3/build/joint_state_publisher/build install --record /home/jakob/ros2_o3/build/joint_state_publisher/install.log --single-version-externally-managed
[4.795s] running egg_info
[4.804s] writing ../../../build/joint_state_publisher/joint_state_publisher.egg-info/PKG-INFO
[4.805s] writing dependency_links to ../../../build/joint_state_publisher/joint_state_publisher.egg-info/dependency_links.txt
[4.805s] writing entry points to ../../../build/joint_state_publisher/joint_state_publisher.egg-info/entry_points.txt
[4.805s] writing requirements to ../../../build/joint_state_publisher/joint_state_publisher.egg-info/requires.txt
[4.805s] writing top-level names to ../../../build/joint_state_publisher/joint_state_publisher.egg-info/top_level.txt
[4.814s] reading manifest file '../../../build/joint_state_publisher/joint_state_publisher.egg-info/SOURCES.txt'
[4.814s] adding license file 'LICENSE'
[4.816s] writing manifest file '../../../build/joint_state_publisher/joint_state_publisher.egg-info/SOURCES.txt'
[4.816s] running build
[4.816s] running build_py
[4.816s] running install
[4.817s] running install_lib
[4.822s] running install_data
[4.823s] running install_egg_info
[4.828s] removing '/home/jakob/ros2_o3/install/joint_state_publisher/lib/python3.10/site-packages/joint_state_publisher-2.3.0-py3.10.egg-info' (and everything under it)
[4.829s] Copying ../../../build/joint_state_publisher/joint_state_publisher.egg-info to /home/jakob/ros2_o3/install/joint_state_publisher/lib/python3.10/site-packages/joint_state_publisher-2.3.0-py3.10.egg-info
[4.830s] running install_scripts
[4.890s] Installing joint_state_publisher script to /home/jakob/ros2_o3/install/joint_state_publisher/lib/joint_state_publisher
[4.890s] writing list of installed files to '/home/jakob/ros2_o3/build/joint_state_publisher/install.log'
[4.934s] Invoked command in '/home/jakob/ros2_o3/src/joint_state_publisher/joint_state_publisher' returned '0': PYTHONPATH=/home/jakob/ros2_o3/build/joint_state_publisher/prefix_override:/home/jakob/ros2_o3/install/joint_state_publisher/lib/python3.10/site-packages:${PYTHONPATH} /usr/bin/python3 setup.py egg_info --egg-base ../../../build/joint_state_publisher build --build-base /home/jakob/ros2_o3/build/joint_state_publisher/build install --record /home/jakob/ros2_o3/build/joint_state_publisher/install.log --single-version-externally-managed
